
180207 19:39:27 [Warning] Using unique option prefix myisam-recover instead of myisam-recover-options is deprecated and will be removed in a future release. Please use the full name instead.
180207 19:39:27 [Note] Plugin 'FEDERATED' is disabled.
180207 19:39:27 InnoDB: The InnoDB memory heap is disabled
180207 19:39:27 InnoDB: Mutexes and rw_locks use GCC atomic builtins
180207 19:39:27 InnoDB: Compressed tables use zlib 1.2.8
180207 19:39:27 InnoDB: Using Linux native AIO
180207 19:39:27 InnoDB: Initializing buffer pool, size = 8.0M
180207 19:39:27 InnoDB: Completed initialization of buffer pool
180207 19:39:27 InnoDB: highest supported file format is Barracuda.
180207 19:39:27  InnoDB: Waiting for the background threads to start
180207 19:39:28 InnoDB: 5.5.55 started; log sequence number 1595675
180207 19:39:28 [Note] Server hostname (bind-address): '0.0.0.0'; port: 3306
180207 19:39:28 [Note]   - '0.0.0.0' resolves to '0.0.0.0';
180207 19:39:28 [Note] Server socket created on IP: '0.0.0.0'.
180207 19:39:28 [ERROR] /usr/sbin/mysqld: Table './mysql/user' is marked as crashed and should be repaired
180207 19:39:28 [Warning] Checking table:   './mysql/user'
180207 19:39:28 [ERROR] 1 client is using or hasn't closed the table properly
180207 19:39:28 [Note] Event Scheduler: Loaded 0 events
180207 19:39:28 [Note] /usr/sbin/mysqld: ready for connections.
Version: '5.5.55-0+deb8u1'  socket: '/var/run/mysqld/mysqld.sock'  port: 3306  (Debian)
180208 15:10:25 [Warning] Using unique option prefix myisam-recover instead of myisam-recover-options is deprecated and will be removed in a future release. Please use the full name instead.
180208 15:10:25 [Note] Plugin 'FEDERATED' is disabled.
180208 15:10:25 InnoDB: The InnoDB memory heap is disabled
180208 15:10:25 InnoDB: Mutexes and rw_locks use GCC atomic builtins
180208 15:10:25 InnoDB: Compressed tables use zlib 1.2.8
180208 15:10:25 InnoDB: Using Linux native AIO
180208 15:10:25 InnoDB: Initializing buffer pool, size = 8.0M
180208 15:10:25 InnoDB: Completed initialization of buffer pool
180208 15:10:25 InnoDB: highest supported file format is Barracuda.
InnoDB: The log sequence number in ibdata files does not match
InnoDB: the log sequence number in the ib_logfiles!
180208 15:10:25  InnoDB: Database was not shut down normally!
InnoDB: Starting crash recovery.
InnoDB: Reading tablespace information from the .ibd files...
InnoDB: Restoring possible half-written data pages from the doublewrite
InnoDB: buffer...
180208 15:10:25  InnoDB: Waiting for the background threads to start
180208 15:10:26 InnoDB: 5.5.55 started; log sequence number 2376898
180208 15:10:26 [Note] Server hostname (bind-address): '0.0.0.0'; port: 3306
180208 15:10:26 [Note]   - '0.0.0.0' resolves to '0.0.0.0';
180208 15:10:26 [Note] Server socket created on IP: '0.0.0.0'.
180208 15:10:26 [ERROR] /usr/sbin/mysqld: Table './mysql/user' is marked as crashed and should be repaired
180208 15:10:26 [Warning] Checking table:   './mysql/user'
180208 15:10:26 [ERROR] 1 client is using or hasn't closed the table properly
180208 15:10:26 [Note] Event Scheduler: Loaded 0 events
180208 15:10:26 [Note] /usr/sbin/mysqld: ready for connections.
Version: '5.5.55-0+deb8u1'  socket: '/var/run/mysqld/mysqld.sock'  port: 3306  (Debian)
180209 15:01:01 [Warning] Using unique option prefix myisam-recover instead of myisam-recover-options is deprecated and will be removed in a future release. Please use the full name instead.
180209 15:01:01 [Note] Plugin 'FEDERATED' is disabled.
180209 15:01:01 InnoDB: The InnoDB memory heap is disabled
180209 15:01:01 InnoDB: Mutexes and rw_locks use GCC atomic builtins
180209 15:01:01 InnoDB: Compressed tables use zlib 1.2.8
180209 15:01:01 InnoDB: Using Linux native AIO
180209 15:01:01 InnoDB: Initializing buffer pool, size = 8.0M
180209 15:01:01 InnoDB: Completed initialization of buffer pool
180209 15:01:01 InnoDB: highest supported file format is Barracuda.
InnoDB: The log sequence number in ibdata files does not match
InnoDB: the log sequence number in the ib_logfiles!
180209 15:01:01  InnoDB: Database was not shut down normally!
InnoDB: Starting crash recovery.
InnoDB: Reading tablespace information from the .ibd files...
InnoDB: Restoring possible half-written data pages from the doublewrite
InnoDB: buffer...
180209 15:01:01  InnoDB: Waiting for the background threads to start
180209 15:01:02 InnoDB: 5.5.55 started; log sequence number 2376898
180209 15:01:02 [Note] Server hostname (bind-address): '0.0.0.0'; port: 3306
180209 15:01:02 [Note]   - '0.0.0.0' resolves to '0.0.0.0';
180209 15:01:02 [Note] Server socket created on IP: '0.0.0.0'.
180209 15:01:02 [Note] Event Scheduler: Loaded 0 events
180209 15:01:02 [Note] /usr/sbin/mysqld: ready for connections.
Version: '5.5.55-0+deb8u1'  socket: '/var/run/mysqld/mysqld.sock'  port: 3306  (Debian)
